android/build/outputs/logs/manifest-merger-debug-report.txt
-- Merging decision tree log ---
manifest
ADDED from src/main/AndroidManifest.xml:2:1-7:12
INJECTED from src/main/AndroidManifest.xml:2:1-7:12
INJECTED from src/main/AndroidManifest.xml:2:1-7:12
INJECTED from src/main/AndroidManifest.xml:2:1-7:12
INJECTED from src/main/AndroidManifest.xml:2:1-7:12
INJECTED from src/main/AndroidManifest.xml:2:1-7:12
INJECTED from src/main/AndroidManifest.xml:2:1-7:12
	package
		ADDED from src/main/AndroidManifest.xml:3:5-44
		INJECTED from src/main/AndroidManifest.xml
		INJECTED from src/main/AndroidManifest.xml
	android:versionName
		INJECTED from src/main/AndroidManifest.xml
		ADDED from src/main/AndroidManifest.xml:2:1-7:12
		INJECTED from src/main/AndroidManifest.xml
	android:versionCode
		INJECTED from src/main/AndroidManifest.xml
		ADDED from src/main/AndroidManifest.xml:2:1-7:12
		INJECTED from src/main/AndroidManifest.xml
	xmlns:android
		ADDED from src/main/AndroidManifest.xml:2:11-69
application
ADDED from src/main/AndroidManifest.xml:4:5-6:19
meta-data#pushy_build_time
ADDED from src/main/AndroidManifest.xml:5:9-95
	android:value
		ADDED from src/main/AndroidManifest.xml:5:52-92
	android:name
		ADDED from src/main/AndroidManifest.xml:5:20-51
uses-sdk
INJECTED from src/main/AndroidManifest.xml reason: use-sdk injection requested
INJECTED from src/main/AndroidManifest.xml
INJECTED from src/main/AndroidManifest.xml
INJECTED from src/main/AndroidManifest.xml
INJECTED from src/main/AndroidManifest.xml
	android:targetSdkVersion
		INJECTED from src/main/AndroidManifest.xml
		ADDED from src/main/AndroidManifest.xml
		INJECTED from src/main/AndroidManifest.xml
	android:minSdkVersion
		INJECTED from src/main/AndroidManifest.xml
		ADDED from src/main/AndroidManifest.xml
		INJECTED from src/main/AndroidManifest.xml